<?xml version="1.0" encoding="UTF-8"?>
<!-- Generated by org.testng.reporters.JUnitXMLReporter -->
<testsuite hostname="Usman-PC" ignored="1" name="TestTabs" tests="1" failures="1" timestamp="04 Dec 2017 23:16:34 GMT" time="1.2" errors="0">
  <testcase name="userAdd" time="1.075" classname="assignment.SwitchingTabsPOM">
    <failure type="java.lang.NullPointerException">
      <![CDATA[java.lang.NullPointerException
	at assignment.SwitchingTabs.createUser(SwitchingTabs.java:302)
	at assignment.SwitchingTabsPOM.userAdd(SwitchingTabsPOM.java:68)
... Removed 25 stack frames]]>
    </failure>
  </testcase> <!-- userAdd -->
  <testcase name="admin" time="0.0" classname="assignment.SwitchingTabsPOM">
    <ignored/>
  </testcase> <!-- admin -->
</testsuite> <!-- TestTabs -->
